{
  "RSpec": {
    "coverage": {
      "/Users/jerrychai/Documents/rails projects/RSS-Reader/app/controllers/feeds_controller.rb": [
        1,
        null,
        1,
        0,
        null,
        null,
        1,
        0,
        null,
        null,
        1,
        4,
        4,
        null,
        null,
        1,
        0,
        null,
        null,
        1,
        3,
        3,
        3,
        null,
        null,
        1,
        0,
        0,
        null,
        null,
        1,
        1,
        1,
        1,
        null,
        0,
        null,
        null,
        null,
        1,
        1,
        7,
        null,
        null
      ],
      "/Users/jerrychai/Documents/rails projects/RSS-Reader/app/controllers/application_controller.rb": [
        1,
        null,
        null,
        1,
        null
      ],
      "/Users/jerrychai/Documents/rails projects/RSS-Reader/app/models/favorite.rb": [
        1,
        1,
        1,
        1,
        null
      ],
      "/Users/jerrychai/Documents/rails projects/RSS-Reader/app/models/feed.rb": [
        1,
        1,
        1,
        1,
        null,
        1,
        0,
        0,
        0,
        0,
        null,
        null,
        null,
        0,
        0,
        0,
        null,
        null,
        null,
        null,
        null,
        0,
        null,
        null,
        0,
        null,
        null,
        null,
        null
      ]
    },
    "timestamp": 1452376711
  }
}
